<?xml version="1.0" encoding="UTF-8"?>
<!-- Generated by org.testng.reporters.JUnitReportReporter -->
<testsuite hostname="DESKTOP-AGBN59L" failures="0" tests="3" name="test.PutPatchandDeleteExample" time="4.031" errors="0" timestamp="2023-05-15T14:36:00 IST" skipped="0">
  <testcase classname="test.PutPatchandDeleteExample" name="Patch_test" time="3.027"/>
  <system-out/>
  <testcase classname="test.PutPatchandDeleteExample" name="Put_test" time="0.492"/>
  <system-out/>
  <testcase classname="test.PutPatchandDeleteExample" name="Test_Delete" time="0.512"/>
  <system-out/>
</testsuite> <!-- test.PutPatchandDeleteExample -->
