<?xml version="1.0" encoding="UTF-8"?>
<!-- Generated by org.testng.reporters.JUnitReportReporter -->
<testsuite hostname="DESKTOP-AGBN59L" failures="0" tests="2" name="APIautomation.RestAutomation" time="2.957" errors="0" timestamp="2023-05-15T14:33:01 IST" skipped="0">
  <testcase classname="APIautomation.RestAutomation" name="test_01" time="2.705"/>
  <system-out/>
  <testcase classname="APIautomation.RestAutomation" name="test_2" time="0.252"/>
  <system-out/>
</testsuite> <!-- APIautomation.RestAutomation -->
