<?xml version="1.0" encoding="UTF-8"?>
<!-- Generated by org.testng.reporters.JUnitReportReporter -->
<testsuite hostname="DESKTOP-AGBN59L" failures="0" tests="2" name="DemoTests.API_Automation_1" time="2.884" errors="0" timestamp="2023-05-15T14:33:21 IST" skipped="0">
  <testcase classname="DemoTests.API_Automation_1" name="test_01" time="2.690"/>
  <system-out/>
  <testcase classname="DemoTests.API_Automation_1" name="test_2" time="0.194"/>
  <system-out/>
</testsuite> <!-- DemoTests.API_Automation_1 -->
